2024-02-01 11:24:56,018 - INFO - START: starting calendar script...
2024-02-01 11:24:56,018 - INFO - Importing events from Kalender_Termine.csv...
2024-02-01 11:24:56,022 - INFO - Removing event "Konzert A-Chor" from 07. Januar 2024
2024-02-01 11:24:56,022 - INFO - Number of displayed events will be: 4
2024-02-01 11:24:56,022 - INFO - Writing a new file "data/three.yml"...
2024-02-01 11:24:56,023 - INFO - END: calendar script ended succesfully
2024-02-01 11:27:44,249 - INFO - START: starting calendar script...
2024-02-01 11:27:44,249 - INFO - Importing events from Kalender_Termine.csv...
2024-02-01 11:27:44,252 - INFO - Removing event "Konzert A-Chor" from 07. Januar 2024
2024-02-01 11:27:44,252 - INFO - Number of displayed events will be: 4
2024-02-01 11:27:44,252 - INFO - Writing a new file "data/three.yml"...
2024-02-01 11:27:44,252 - INFO - END: calendar script ended succesfully
2024-02-01 11:28:48,361 - INFO - START: starting calendar script...
2024-02-01 11:28:48,361 - INFO - Importing events from Kalender_Termine.csv...
2024-02-01 11:28:48,364 - INFO - Removing event "Konzert A-Chor" from 07. Januar 2024
2024-02-01 11:28:48,364 - INFO - Number of displayed events will be: 4
2024-02-01 11:28:48,364 - INFO - Writing a new file "data/three.yml"...
2024-02-01 11:28:48,364 - INFO - END: calendar script ended succesfully
2024-02-02 10:28:51,100 - INFO - START: starting calendar script...
2024-02-02 10:28:51,100 - INFO - Importing events from Kalender_Termine.csv...
2024-02-02 10:28:51,108 - INFO - Removing event "Konzert A-Chor" from 07. Januar 2024
2024-02-02 10:28:51,109 - INFO - Number of displayed events will be: 4
2024-02-02 10:28:51,109 - INFO - Writing a new file "data/three.yml"...
2024-02-02 10:28:51,109 - INFO - END: calendar script ended succesfully
